<?xml version="1.0" encoding="UTF-8"?>
<!-- Generated by org.testng.reporters.JUnitXMLReporter -->
<testsuite ignored="0" hostname="LAPTOP-9678VDR6" failures="0" tests="7" name="Default test" time="501.954" errors="0" timestamp="2023-12-25T12:51:14 IST">
  <testcase classname="negativeMethod.EndToEnd" name="emptyField" time="65.568"/>
  <testcase classname="negativeMethod.EndToEnd" name="invalidData" time="55.916"/>
  <testcase classname="negativeMethod.EndToEnd" name="alerts" time="20.987"/>
  <testcase classname="negativeMethod.EndToEnd" name="emptyLogIn" time="50.539"/>
  <testcase classname="negativeMethod.EndToEnd" name="invalidUser" time="46.132"/>
  <testcase classname="negativeMethod.EndToEnd" name="invalidPass" time="40.776"/>
  <testcase classname="negativeMethod.EndToEnd" name="Payment" time="40.868"/>
</testsuite> <!-- Default test -->
